<?xml version="1.0" encoding="UTF-8"?>
<testsuite xmlns:xsi="http://www.w3.org/2001/XMLSchema-instance" xsi:noNamespaceSchemaLocation="https://maven.apache.org/surefire/maven-surefire-plugin/xsd/surefire-test-report-3.0.xsd" version="3.0" name="LoadBalancingTest" time="0.11" tests="7" errors="0" skipped="0" failures="0">
  <properties>
[...]
</properties>
  <testcase name="testFindLoad1" classname="LoadBalancingTest" time="0.009"/>
  <testcase name="testFindLoad2" classname="LoadBalancingTest" time="0.0"/>
  <testcase name="testFindLoad3" classname="LoadBalancingTest" time="0.0"/>
  <testcase name="testFindLoad4" classname="LoadBalancingTest" time="0.0"/>
  <testcase name="testFindLoad5" classname="LoadBalancingTest" time="0.0"/>
  <testcase name="testIsFeasibleLoad1" classname="LoadBalancingTest" time="0.0"/>
  <testcase name="testIsFeasibleLoad2" classname="LoadBalancingTest" time="0.0"/>
</testsuite>